{"C:\\Users\\Gowsalya\\Documents\\node\\TASK2\\phase2task\\global_functions.js": {"path":"C:\\Users\\Gowsalya\\Documents\\node\\TASK2\\phase2task\\global_functions.js","statementMap":{"0":{"start":{"line":1,"column":11},"end":{"line":1,"column":33}},"1":{"start":{"line":3,"column":12},"end":{"line":10,"column":1}},"2":{"start":{"line":4,"column":2},"end":{"line":6,"column":3}},"3":{"start":{"line":5,"column":4},"end":{"line":5,"column":22}},"4":{"start":{"line":8,"column":2},"end":{"line":8,"column":57}},"5":{"start":{"line":8,"column":35},"end":{"line":8,"column":57}},"6":{"start":{"line":9,"column":2},"end":{"line":9,"column":50}},"7":{"start":{"line":12,"column":12},"end":{"line":21,"column":1}},"8":{"start":{"line":13,"column":18},"end":{"line":13,"column":35}},"9":{"start":{"line":15,"column":2},"end":{"line":17,"column":3}},"10":{"start":{"line":16,"column":4},"end":{"line":16,"column":47}},"11":{"start":{"line":19,"column":2},"end":{"line":19,"column":57}},"12":{"start":{"line":19,"column":35},"end":{"line":19,"column":57}},"13":{"start":{"line":20,"column":2},"end":{"line":20,"column":29}},"14":{"start":{"line":23,"column":11},"end":{"line":30,"column":1}},"15":{"start":{"line":24,"column":2},"end":{"line":29,"column":6}},"16":{"start":{"line":26,"column":6},"end":{"line":26,"column":26}},"17":{"start":{"line":28,"column":6},"end":{"line":28,"column":15}},"18":{"start":{"line":32,"column":11},"end":{"line":38,"column":1}},"19":{"start":{"line":33,"column":2},"end":{"line":35,"column":3}},"20":{"start":{"line":34,"column":4},"end":{"line":34,"column":31}},"21":{"start":{"line":37,"column":2},"end":{"line":37,"column":31}},"22":{"start":{"line":41,"column":0},"end":{"line":43,"column":3}},"23":{"start":{"line":42,"column":2},"end":{"line":42,"column":45}},"24":{"start":{"line":45,"column":0},"end":{"line":45,"column":38}}},"fnMap":{"0":{"name":"(anonymous_0)","decl":{"start":{"line":3,"column":12},"end":{"line":3,"column":13}},"loc":{"start":{"line":3,"column":44},"end":{"line":10,"column":1}},"line":3},"1":{"name":"(anonymous_1)","decl":{"start":{"line":12,"column":12},"end":{"line":12,"column":13}},"loc":{"start":{"line":12,"column":39},"end":{"line":21,"column":1}},"line":12},"2":{"name":"(anonymous_2)","decl":{"start":{"line":23,"column":11},"end":{"line":23,"column":12}},"loc":{"start":{"line":23,"column":30},"end":{"line":30,"column":1}},"line":23},"3":{"name":"(anonymous_3)","decl":{"start":{"line":25,"column":10},"end":{"line":25,"column":11}},"loc":{"start":{"line":25,"column":18},"end":{"line":27,"column":5}},"line":25},"4":{"name":"(anonymous_4)","decl":{"start":{"line":27,"column":13},"end":{"line":27,"column":14}},"loc":{"start":{"line":28,"column":6},"end":{"line":28,"column":15}},"line":28},"5":{"name":"(anonymous_5)","decl":{"start":{"line":32,"column":11},"end":{"line":32,"column":12}},"loc":{"start":{"line":32,"column":39},"end":{"line":38,"column":1}},"line":32},"6":{"name":"(anonymous_6)","decl":{"start":{"line":41,"column":33},"end":{"line":41,"column":34}},"loc":{"start":{"line":41,"column":42},"end":{"line":43,"column":1}},"line":41}},"branchMap":{"0":{"loc":{"start":{"line":4,"column":2},"end":{"line":6,"column":3}},"type":"if","locations":[{"start":{"line":4,"column":2},"end":{"line":6,"column":3}},{"start":{},"end":{}}],"line":4},"1":{"loc":{"start":{"line":4,"column":6},"end":{"line":4,"column":65}},"type":"binary-expr","locations":[{"start":{"line":4,"column":6},"end":{"line":4,"column":28}},{"start":{"line":4,"column":32},"end":{"line":4,"column":65}}],"line":4},"2":{"loc":{"start":{"line":8,"column":2},"end":{"line":8,"column":57}},"type":"if","locations":[{"start":{"line":8,"column":2},"end":{"line":8,"column":57}},{"start":{},"end":{}}],"line":8},"3":{"loc":{"start":{"line":15,"column":2},"end":{"line":17,"column":3}},"type":"if","locations":[{"start":{"line":15,"column":2},"end":{"line":17,"column":3}},{"start":{},"end":{}}],"line":15},"4":{"loc":{"start":{"line":19,"column":2},"end":{"line":19,"column":57}},"type":"if","locations":[{"start":{"line":19,"column":2},"end":{"line":19,"column":57}},{"start":{},"end":{}}],"line":19},"5":{"loc":{"start":{"line":33,"column":2},"end":{"line":35,"column":3}},"type":"if","locations":[{"start":{"line":33,"column":2},"end":{"line":35,"column":3}},{"start":{},"end":{}}],"line":33}},"s":{"0":1,"1":1,"2":0,"3":0,"4":0,"5":0,"6":0,"7":1,"8":2,"9":2,"10":2,"11":2,"12":2,"13":2,"14":1,"15":4,"16":4,"17":0,"18":1,"19":0,"20":0,"21":0,"22":1,"23":0,"24":1},"f":{"0":0,"1":2,"2":4,"3":4,"4":0,"5":0,"6":0},"b":{"0":[0,0],"1":[0,0],"2":[0,0],"3":[2,0],"4":[2,0],"5":[0,0]},"_coverageSchema":"1a1c01bbd47fc00a2c39e90264f33305004495a9","hash":"39b46e1f2eaa729c24f6293a43a6d1b55f9f7b76"}
,"C:\\Users\\Gowsalya\\Documents\\node\\TASK2\\phase2task\\config\\config.js": {"path":"C:\\Users\\Gowsalya\\Documents\\node\\TASK2\\phase2task\\config\\config.js","statementMap":{"0":{"start":{"line":1,"column":0},"end":{"line":1,"column":27}},"1":{"start":{"line":3,"column":0},"end":{"line":3,"column":12}},"2":{"start":{"line":5,"column":0},"end":{"line":5,"column":37}},"3":{"start":{"line":6,"column":0},"end":{"line":6,"column":37}},"4":{"start":{"line":7,"column":0},"end":{"line":7,"column":36}},"5":{"start":{"line":8,"column":0},"end":{"line":8,"column":36}},"6":{"start":{"line":9,"column":0},"end":{"line":9,"column":45}},"7":{"start":{"line":10,"column":0},"end":{"line":10,"column":42}},"8":{"start":{"line":12,"column":0},"end":{"line":12,"column":24}}},"fnMap":{},"branchMap":{},"s":{"0":1,"1":1,"2":1,"3":1,"4":1,"5":1,"6":1,"7":1,"8":1},"f":{},"b":{},"_coverageSchema":"1a1c01bbd47fc00a2c39e90264f33305004495a9","hash":"c975828b67c0c3e641fe89cb1358e65b88f4aae7"}
,"C:\\Users\\Gowsalya\\Documents\\node\\TASK2\\phase2task\\config\\constants.js": {"path":"C:\\Users\\Gowsalya\\Documents\\node\\TASK2\\phase2task\\config\\constants.js","statementMap":{"0":{"start":{"line":1,"column":0},"end":{"line":1,"column":20}},"1":{"start":{"line":3,"column":0},"end":{"line":3,"column":14}},"2":{"start":{"line":5,"column":0},"end":{"line":7,"column":2}}},"fnMap":{},"branchMap":{},"s":{"0":1,"1":1,"2":1},"f":{},"b":{},"_coverageSchema":"1a1c01bbd47fc00a2c39e90264f33305004495a9","hash":"72efdf693097588b883aff672a744a2286f0c238"}
,"C:\\Users\\Gowsalya\\Documents\\node\\TASK2\\phase2task\\controllers\\taxCategories.controller.js": {"path":"C:\\Users\\Gowsalya\\Documents\\node\\TASK2\\phase2task\\controllers\\taxCategories.controller.js","statementMap":{"0":{"start":{"line":1,"column":29},"end":{"line":1,"column":59}},"1":{"start":{"line":2,"column":29},"end":{"line":2,"column":73}},"2":{"start":{"line":3,"column":15},"end":{"line":3,"column":63}},"3":{"start":{"line":4,"column":19},"end":{"line":4,"column":59}},"4":{"start":{"line":5,"column":30},"end":{"line":5,"column":106}},"5":{"start":{"line":34,"column":24},"end":{"line":38,"column":1}},"6":{"start":{"line":35,"column":31},"end":{"line":35,"column":80}},"7":{"start":{"line":36,"column":4},"end":{"line":36,"column":43}},"8":{"start":{"line":36,"column":15},"end":{"line":36,"column":43}},"9":{"start":{"line":37,"column":4},"end":{"line":37,"column":55}},"10":{"start":{"line":37,"column":21},"end":{"line":37,"column":55}},"11":{"start":{"line":39,"column":0},"end":{"line":39,"column":49}},"12":{"start":{"line":49,"column":21},"end":{"line":55,"column":1}},"13":{"start":{"line":50,"column":23},"end":{"line":50,"column":73}},"14":{"start":{"line":51,"column":25},"end":{"line":51,"column":65}},"15":{"start":{"line":52,"column":24},"end":{"line":52,"column":93}},"16":{"start":{"line":53,"column":4},"end":{"line":53,"column":43}},"17":{"start":{"line":53,"column":15},"end":{"line":53,"column":43}},"18":{"start":{"line":54,"column":4},"end":{"line":54,"column":41}},"19":{"start":{"line":54,"column":14},"end":{"line":54,"column":41}},"20":{"start":{"line":66,"column":31},"end":{"line":71,"column":1}},"21":{"start":{"line":67,"column":23},"end":{"line":67,"column":73}},"22":{"start":{"line":68,"column":33},"end":{"line":68,"column":98}},"23":{"start":{"line":69,"column":4},"end":{"line":69,"column":39}},"24":{"start":{"line":69,"column":13},"end":{"line":69,"column":39}},"25":{"start":{"line":70,"column":4},"end":{"line":70,"column":62}},"26":{"start":{"line":70,"column":25},"end":{"line":70,"column":62}},"27":{"start":{"line":75,"column":0},"end":{"line":75,"column":41}},"28":{"start":{"line":76,"column":0},"end":{"line":76,"column":131}},"29":{"start":{"line":77,"column":0},"end":{"line":77,"column":100}},"30":{"start":{"line":79,"column":0},"end":{"line":79,"column":31}}},"fnMap":{"0":{"name":"(anonymous_0)","decl":{"start":{"line":34,"column":24},"end":{"line":34,"column":25}},"loc":{"start":{"line":34,"column":50},"end":{"line":38,"column":1}},"line":34},"1":{"name":"(anonymous_1)","decl":{"start":{"line":49,"column":21},"end":{"line":49,"column":22}},"loc":{"start":{"line":49,"column":47},"end":{"line":55,"column":1}},"line":49},"2":{"name":"(anonymous_2)","decl":{"start":{"line":66,"column":31},"end":{"line":66,"column":32}},"loc":{"start":{"line":66,"column":57},"end":{"line":71,"column":1}},"line":66}},"branchMap":{"0":{"loc":{"start":{"line":36,"column":4},"end":{"line":36,"column":43}},"type":"if","locations":[{"start":{"line":36,"column":4},"end":{"line":36,"column":43}},{"start":{},"end":{}}],"line":36},"1":{"loc":{"start":{"line":37,"column":4},"end":{"line":37,"column":55}},"type":"if","locations":[{"start":{"line":37,"column":4},"end":{"line":37,"column":55}},{"start":{},"end":{}}],"line":37},"2":{"loc":{"start":{"line":50,"column":23},"end":{"line":50,"column":73}},"type":"cond-expr","locations":[{"start":{"line":50,"column":46},"end":{"line":50,"column":66}},{"start":{"line":50,"column":69},"end":{"line":50,"column":73}}],"line":50},"3":{"loc":{"start":{"line":50,"column":23},"end":{"line":50,"column":43}},"type":"binary-expr","locations":[{"start":{"line":50,"column":23},"end":{"line":50,"column":26}},{"start":{"line":50,"column":30},"end":{"line":50,"column":43}}],"line":50},"4":{"loc":{"start":{"line":50,"column":46},"end":{"line":50,"column":66}},"type":"binary-expr","locations":[{"start":{"line":50,"column":46},"end":{"line":50,"column":49}},{"start":{"line":50,"column":53},"end":{"line":50,"column":66}}],"line":50},"5":{"loc":{"start":{"line":51,"column":25},"end":{"line":51,"column":65}},"type":"cond-expr","locations":[{"start":{"line":51,"column":43},"end":{"line":51,"column":58}},{"start":{"line":51,"column":61},"end":{"line":51,"column":65}}],"line":51},"6":{"loc":{"start":{"line":51,"column":25},"end":{"line":51,"column":40}},"type":"binary-expr","locations":[{"start":{"line":51,"column":25},"end":{"line":51,"column":28}},{"start":{"line":51,"column":32},"end":{"line":51,"column":40}}],"line":51},"7":{"loc":{"start":{"line":51,"column":43},"end":{"line":51,"column":58}},"type":"binary-expr","locations":[{"start":{"line":51,"column":43},"end":{"line":51,"column":46}},{"start":{"line":51,"column":50},"end":{"line":51,"column":58}}],"line":51},"8":{"loc":{"start":{"line":53,"column":4},"end":{"line":53,"column":43}},"type":"if","locations":[{"start":{"line":53,"column":4},"end":{"line":53,"column":43}},{"start":{},"end":{}}],"line":53},"9":{"loc":{"start":{"line":54,"column":4},"end":{"line":54,"column":41}},"type":"if","locations":[{"start":{"line":54,"column":4},"end":{"line":54,"column":41}},{"start":{},"end":{}}],"line":54},"10":{"loc":{"start":{"line":67,"column":23},"end":{"line":67,"column":73}},"type":"cond-expr","locations":[{"start":{"line":67,"column":46},"end":{"line":67,"column":66}},{"start":{"line":67,"column":69},"end":{"line":67,"column":73}}],"line":67},"11":{"loc":{"start":{"line":67,"column":23},"end":{"line":67,"column":43}},"type":"binary-expr","locations":[{"start":{"line":67,"column":23},"end":{"line":67,"column":26}},{"start":{"line":67,"column":30},"end":{"line":67,"column":43}}],"line":67},"12":{"loc":{"start":{"line":67,"column":46},"end":{"line":67,"column":66}},"type":"binary-expr","locations":[{"start":{"line":67,"column":46},"end":{"line":67,"column":49}},{"start":{"line":67,"column":53},"end":{"line":67,"column":66}}],"line":67},"13":{"loc":{"start":{"line":69,"column":4},"end":{"line":69,"column":39}},"type":"if","locations":[{"start":{"line":69,"column":4},"end":{"line":69,"column":39}},{"start":{},"end":{}}],"line":69},"14":{"loc":{"start":{"line":70,"column":4},"end":{"line":70,"column":62}},"type":"if","locations":[{"start":{"line":70,"column":4},"end":{"line":70,"column":62}},{"start":{},"end":{}}],"line":70}},"s":{"0":1,"1":1,"2":1,"3":1,"4":1,"5":1,"6":2,"7":2,"8":0,"9":2,"10":2,"11":1,"12":1,"13":0,"14":0,"15":0,"16":0,"17":0,"18":0,"19":0,"20":1,"21":0,"22":0,"23":0,"24":0,"25":0,"26":0,"27":1,"28":1,"29":1,"30":1},"f":{"0":2,"1":0,"2":0},"b":{"0":[0,2],"1":[2,0],"2":[0,0],"3":[0,0],"4":[0,0],"5":[0,0],"6":[0,0],"7":[0,0],"8":[0,0],"9":[0,0],"10":[0,0],"11":[0,0],"12":[0,0],"13":[0,0],"14":[0,0]},"_coverageSchema":"1a1c01bbd47fc00a2c39e90264f33305004495a9","hash":"a4f73bdf2e6fc1441bf99b95a5a692396c8361a1"}
,"C:\\Users\\Gowsalya\\Documents\\node\\TASK2\\phase2task\\middleware\\validate-schema.js": {"path":"C:\\Users\\Gowsalya\\Documents\\node\\TASK2\\phase2task\\middleware\\validate-schema.js","statementMap":{"0":{"start":{"line":1,"column":29},"end":{"line":1,"column":57}},"1":{"start":{"line":3,"column":17},"end":{"line":15,"column":1}},"2":{"start":{"line":4,"column":19},"end":{"line":4,"column":40}},"3":{"start":{"line":5,"column":4},"end":{"line":9,"column":5}},"4":{"start":{"line":6,"column":8},"end":{"line":8,"column":11}},"5":{"start":{"line":14,"column":4},"end":{"line":14,"column":11}},"6":{"start":{"line":16,"column":0},"end":{"line":16,"column":30}}},"fnMap":{"0":{"name":"(anonymous_0)","decl":{"start":{"line":3,"column":17},"end":{"line":3,"column":18}},"loc":{"start":{"line":3,"column":37},"end":{"line":15,"column":1}},"line":3}},"branchMap":{"0":{"loc":{"start":{"line":5,"column":4},"end":{"line":9,"column":5}},"type":"if","locations":[{"start":{"line":5,"column":4},"end":{"line":9,"column":5}},{"start":{},"end":{}}],"line":5}},"s":{"0":1,"1":1,"2":0,"3":0,"4":0,"5":0,"6":1},"f":{"0":0},"b":{"0":[0,0]},"_coverageSchema":"1a1c01bbd47fc00a2c39e90264f33305004495a9","hash":"2ea61342ac0842be4f77db370e82045b4a7dada9"}
,"C:\\Users\\Gowsalya\\Documents\\node\\TASK2\\phase2task\\models\\index.js": {"path":"C:\\Users\\Gowsalya\\Documents\\node\\TASK2\\phase2task\\models\\index.js","statementMap":{"0":{"start":{"line":4,"column":9},"end":{"line":4,"column":22}},"1":{"start":{"line":5,"column":11},"end":{"line":5,"column":26}},"2":{"start":{"line":6,"column":16},"end":{"line":6,"column":36}},"3":{"start":{"line":7,"column":15},"end":{"line":7,"column":40}},"4":{"start":{"line":8,"column":9},"end":{"line":8,"column":11}},"5":{"start":{"line":9,"column":0},"end":{"line":9,"column":31}},"6":{"start":{"line":11,"column":18},"end":{"line":11,"column":36}},"7":{"start":{"line":12,"column":0},"end":{"line":100,"column":1}},"8":{"start":{"line":13,"column":4},"end":{"line":35,"column":7}},"9":{"start":{"line":14,"column":8},"end":{"line":34,"column":15}},"10":{"start":{"line":16,"column":16},"end":{"line":20,"column":18}},"11":{"start":{"line":23,"column":16},"end":{"line":33,"column":18}},"12":{"start":{"line":36,"column":4},"end":{"line":41,"column":5}},"13":{"start":{"line":37,"column":53},"end":{"line":37,"column":249}},"14":{"start":{"line":37,"column":94},"end":{"line":37,"column":163}},"15":{"start":{"line":37,"column":139},"end":{"line":37,"column":161}},"16":{"start":{"line":37,"column":213},"end":{"line":37,"column":244}},"17":{"start":{"line":43,"column":20},"end":{"line":56,"column":5}},"18":{"start":{"line":58,"column":25},"end":{"line":73,"column":5}},"19":{"start":{"line":59,"column":21},"end":{"line":59,"column":23}},"20":{"start":{"line":60,"column":22},"end":{"line":71,"column":9}},"21":{"start":{"line":62,"column":16},"end":{"line":66,"column":19}},"22":{"start":{"line":63,"column":20},"end":{"line":65,"column":21}},"23":{"start":{"line":64,"column":24},"end":{"line":64,"column":72}},"24":{"start":{"line":69,"column":16},"end":{"line":69,"column":43}},"25":{"start":{"line":72,"column":8},"end":{"line":72,"column":23}},"26":{"start":{"line":75,"column":4},"end":{"line":91,"column":7}},"27":{"start":{"line":76,"column":8},"end":{"line":90,"column":15}},"28":{"start":{"line":78,"column":16},"end":{"line":82,"column":18}},"29":{"start":{"line":85,"column":28},"end":{"line":88,"column":17}},"30":{"start":{"line":89,"column":16},"end":{"line":89,"column":46}},"31":{"start":{"line":92,"column":4},"end":{"line":96,"column":7}},"32":{"start":{"line":93,"column":8},"end":{"line":95,"column":9}},"33":{"start":{"line":94,"column":12},"end":{"line":94,"column":42}},"34":{"start":{"line":97,"column":4},"end":{"line":97,"column":37}},"35":{"start":{"line":98,"column":4},"end":{"line":98,"column":29}},"36":{"start":{"line":99,"column":4},"end":{"line":99,"column":29}},"37":{"start":{"line":101,"column":0},"end":{"line":101,"column":20}}},"fnMap":{"0":{"name":"(anonymous_0)","decl":{"start":{"line":13,"column":29},"end":{"line":13,"column":30}},"loc":{"start":{"line":13,"column":39},"end":{"line":35,"column":5}},"line":13},"1":{"name":"(anonymous_1)","decl":{"start":{"line":15,"column":20},"end":{"line":15,"column":21}},"loc":{"start":{"line":15,"column":30},"end":{"line":21,"column":13}},"line":15},"2":{"name":"(anonymous_2)","decl":{"start":{"line":22,"column":21},"end":{"line":22,"column":22}},"loc":{"start":{"line":22,"column":31},"end":{"line":34,"column":13}},"line":22},"3":{"name":"(anonymous_3)","decl":{"start":{"line":24,"column":29},"end":{"line":24,"column":30}},"loc":{"start":{"line":24,"column":35},"end":{"line":24,"column":38}},"line":24},"4":{"name":"(anonymous_4)","decl":{"start":{"line":25,"column":26},"end":{"line":25,"column":27}},"loc":{"start":{"line":25,"column":32},"end":{"line":25,"column":35}},"line":25},"5":{"name":"(anonymous_5)","decl":{"start":{"line":26,"column":28},"end":{"line":26,"column":29}},"loc":{"start":{"line":26,"column":34},"end":{"line":26,"column":37}},"line":26},"6":{"name":"(anonymous_6)","decl":{"start":{"line":27,"column":28},"end":{"line":27,"column":29}},"loc":{"start":{"line":27,"column":34},"end":{"line":27,"column":37}},"line":27},"7":{"name":"(anonymous_7)","decl":{"start":{"line":28,"column":28},"end":{"line":28,"column":29}},"loc":{"start":{"line":28,"column":34},"end":{"line":28,"column":37}},"line":28},"8":{"name":"(anonymous_8)","decl":{"start":{"line":29,"column":37},"end":{"line":29,"column":38}},"loc":{"start":{"line":29,"column":43},"end":{"line":29,"column":46}},"line":29},"9":{"name":"(anonymous_9)","decl":{"start":{"line":30,"column":27},"end":{"line":30,"column":28}},"loc":{"start":{"line":30,"column":33},"end":{"line":30,"column":36}},"line":30},"10":{"name":"(anonymous_10)","decl":{"start":{"line":31,"column":29},"end":{"line":31,"column":30}},"loc":{"start":{"line":31,"column":35},"end":{"line":31,"column":38}},"line":31},"11":{"name":"(anonymous_11)","decl":{"start":{"line":32,"column":32},"end":{"line":32,"column":33}},"loc":{"start":{"line":32,"column":38},"end":{"line":32,"column":41}},"line":32},"12":{"name":"(anonymous_12)","decl":{"start":{"line":37,"column":21},"end":{"line":37,"column":22}},"loc":{"start":{"line":37,"column":31},"end":{"line":37,"column":251}},"line":37},"13":{"name":"(anonymous_13)","decl":{"start":{"line":37,"column":86},"end":{"line":37,"column":87}},"loc":{"start":{"line":37,"column":92},"end":{"line":37,"column":165}},"line":37},"14":{"name":"(anonymous_14)","decl":{"start":{"line":37,"column":177},"end":{"line":37,"column":178}},"loc":{"start":{"line":37,"column":183},"end":{"line":37,"column":186}},"line":37},"15":{"name":"(anonymous_15)","decl":{"start":{"line":37,"column":201},"end":{"line":37,"column":202}},"loc":{"start":{"line":37,"column":211},"end":{"line":37,"column":246}},"line":37},"16":{"name":"(anonymous_16)","decl":{"start":{"line":58,"column":25},"end":{"line":58,"column":26}},"loc":{"start":{"line":58,"column":43},"end":{"line":73,"column":5}},"line":58},"17":{"name":"(anonymous_17)","decl":{"start":{"line":61,"column":12},"end":{"line":61,"column":13}},"loc":{"start":{"line":61,"column":19},"end":{"line":67,"column":13}},"line":61},"18":{"name":"(anonymous_18)","decl":{"start":{"line":62,"column":41},"end":{"line":62,"column":42}},"loc":{"start":{"line":62,"column":51},"end":{"line":66,"column":17}},"line":62},"19":{"name":"(anonymous_19)","decl":{"start":{"line":64,"column":58},"end":{"line":64,"column":59}},"loc":{"start":{"line":64,"column":67},"end":{"line":64,"column":70}},"line":64},"20":{"name":"(anonymous_20)","decl":{"start":{"line":68,"column":12},"end":{"line":68,"column":13}},"loc":{"start":{"line":68,"column":21},"end":{"line":70,"column":13}},"line":68},"21":{"name":"(anonymous_21)","decl":{"start":{"line":75,"column":29},"end":{"line":75,"column":30}},"loc":{"start":{"line":75,"column":39},"end":{"line":91,"column":5}},"line":75},"22":{"name":"(anonymous_22)","decl":{"start":{"line":77,"column":20},"end":{"line":77,"column":21}},"loc":{"start":{"line":77,"column":30},"end":{"line":83,"column":13}},"line":77},"23":{"name":"(anonymous_23)","decl":{"start":{"line":84,"column":21},"end":{"line":84,"column":22}},"loc":{"start":{"line":84,"column":31},"end":{"line":90,"column":13}},"line":84},"24":{"name":"(anonymous_24)","decl":{"start":{"line":92,"column":28},"end":{"line":92,"column":29}},"loc":{"start":{"line":92,"column":43},"end":{"line":96,"column":5}},"line":92}},"branchMap":{"0":{"loc":{"start":{"line":12,"column":0},"end":{"line":100,"column":1}},"type":"if","locations":[{"start":{"line":12,"column":0},"end":{"line":100,"column":1}},{"start":{"line":42,"column":7},"end":{"line":100,"column":1}}],"line":12},"1":{"loc":{"start":{"line":12,"column":4},"end":{"line":12,"column":54}},"type":"binary-expr","locations":[{"start":{"line":12,"column":4},"end":{"line":12,"column":15}},{"start":{"line":12,"column":19},"end":{"line":12,"column":54}}],"line":12},"2":{"loc":{"start":{"line":17,"column":20},"end":{"line":19,"column":44}},"type":"binary-expr","locations":[{"start":{"line":17,"column":20},"end":{"line":17,"column":43}},{"start":{"line":18,"column":20},"end":{"line":18,"column":37}},{"start":{"line":19,"column":20},"end":{"line":19,"column":44}}],"line":17},"3":{"loc":{"start":{"line":37,"column":94},"end":{"line":37,"column":163}},"type":"if","locations":[{"start":{"line":37,"column":94},"end":{"line":37,"column":163}},{"start":{},"end":{}}],"line":37},"4":{"loc":{"start":{"line":37,"column":98},"end":{"line":37,"column":135}},"type":"binary-expr","locations":[{"start":{"line":37,"column":98},"end":{"line":37,"column":112}},{"start":{"line":37,"column":116},"end":{"line":37,"column":135}}],"line":37},"5":{"loc":{"start":{"line":63,"column":20},"end":{"line":65,"column":21}},"type":"if","locations":[{"start":{"line":63,"column":20},"end":{"line":65,"column":21}},{"start":{},"end":{}}],"line":63},"6":{"loc":{"start":{"line":79,"column":20},"end":{"line":81,"column":44}},"type":"binary-expr","locations":[{"start":{"line":79,"column":20},"end":{"line":79,"column":43}},{"start":{"line":80,"column":20},"end":{"line":80,"column":37}},{"start":{"line":81,"column":20},"end":{"line":81,"column":44}}],"line":79},"7":{"loc":{"start":{"line":93,"column":8},"end":{"line":95,"column":9}},"type":"if","locations":[{"start":{"line":93,"column":8},"end":{"line":95,"column":9}},{"start":{},"end":{}}],"line":93}},"s":{"0":1,"1":1,"2":1,"3":1,"4":1,"5":1,"6":1,"7":1,"8":0,"9":0,"10":0,"11":0,"12":0,"13":0,"14":0,"15":0,"16":0,"17":1,"18":1,"19":1,"20":1,"21":1,"22":1,"23":0,"24":0,"25":1,"26":1,"27":1,"28":3,"29":3,"30":3,"31":1,"32":3,"33":2,"34":1,"35":1,"36":1,"37":1},"f":{"0":0,"1":0,"2":0,"3":0,"4":0,"5":0,"6":0,"7":0,"8":0,"9":0,"10":0,"11":0,"12":0,"13":0,"14":0,"15":0,"16":1,"17":1,"18":1,"19":0,"20":0,"21":1,"22":3,"23":3,"24":3},"b":{"0":[0,1],"1":[1,0],"2":[0,0,0],"3":[0,0],"4":[0,0],"5":[0,1],"6":[3,3,3],"7":[2,1]},"_coverageSchema":"1a1c01bbd47fc00a2c39e90264f33305004495a9","hash":"2fe6c0cb4b2bb0a0822fcea3a39c8370695f1ca1"}
,"C:\\Users\\Gowsalya\\Documents\\node\\TASK2\\phase2task\\models\\taxes\\property.js": {"path":"C:\\Users\\Gowsalya\\Documents\\node\\TASK2\\phase2task\\models\\taxes\\property.js","statementMap":{"0":{"start":{"line":1,"column":0},"end":{"line":24,"column":2}},"1":{"start":{"line":2,"column":18},"end":{"line":21,"column":6}},"2":{"start":{"line":23,"column":4},"end":{"line":23,"column":17}}},"fnMap":{"0":{"name":"(anonymous_0)","decl":{"start":{"line":1,"column":17},"end":{"line":1,"column":18}},"loc":{"start":{"line":1,"column":43},"end":{"line":24,"column":1}},"line":1}},"branchMap":{},"s":{"0":1,"1":1,"2":1},"f":{"0":1},"b":{},"_coverageSchema":"1a1c01bbd47fc00a2c39e90264f33305004495a9","hash":"00e316ad415a2f273647d24641304e95fd20551a"}
,"C:\\Users\\Gowsalya\\Documents\\node\\TASK2\\phase2task\\models\\taxes\\taxCategories.js": {"path":"C:\\Users\\Gowsalya\\Documents\\node\\TASK2\\phase2task\\models\\taxes\\taxCategories.js","statementMap":{"0":{"start":{"line":1,"column":0},"end":{"line":52,"column":2}},"1":{"start":{"line":2,"column":26},"end":{"line":47,"column":6}},"2":{"start":{"line":48,"column":4},"end":{"line":50,"column":5}},"3":{"start":{"line":49,"column":8},"end":{"line":49,"column":87}},"4":{"start":{"line":51,"column":4},"end":{"line":51,"column":25}}},"fnMap":{"0":{"name":"(anonymous_0)","decl":{"start":{"line":1,"column":17},"end":{"line":1,"column":18}},"loc":{"start":{"line":1,"column":43},"end":{"line":52,"column":1}},"line":1},"1":{"name":"(anonymous_1)","decl":{"start":{"line":48,"column":32},"end":{"line":48,"column":33}},"loc":{"start":{"line":48,"column":44},"end":{"line":50,"column":5}},"line":48}},"branchMap":{},"s":{"0":1,"1":1,"2":1,"3":1,"4":1},"f":{"0":1,"1":1},"b":{},"_coverageSchema":"1a1c01bbd47fc00a2c39e90264f33305004495a9","hash":"c4c0d7908e7e8ef19f3a36e62ef4098657a89ccf"}
,"C:\\Users\\Gowsalya\\Documents\\node\\TASK2\\phase2task\\models\\taxes\\taxZonesMapping.js": {"path":"C:\\Users\\Gowsalya\\Documents\\node\\TASK2\\phase2task\\models\\taxes\\taxZonesMapping.js","statementMap":{"0":{"start":{"line":1,"column":0},"end":{"line":48,"column":2}},"1":{"start":{"line":2,"column":28},"end":{"line":43,"column":6}},"2":{"start":{"line":44,"column":4},"end":{"line":46,"column":6}},"3":{"start":{"line":45,"column":8},"end":{"line":45,"column":89}},"4":{"start":{"line":47,"column":4},"end":{"line":47,"column":27}}},"fnMap":{"0":{"name":"(anonymous_0)","decl":{"start":{"line":1,"column":17},"end":{"line":1,"column":18}},"loc":{"start":{"line":1,"column":43},"end":{"line":48,"column":1}},"line":1},"1":{"name":"(anonymous_1)","decl":{"start":{"line":44,"column":34},"end":{"line":44,"column":35}},"loc":{"start":{"line":44,"column":46},"end":{"line":46,"column":5}},"line":44}},"branchMap":{},"s":{"0":1,"1":1,"2":1,"3":1,"4":1},"f":{"0":1,"1":1},"b":{},"_coverageSchema":"1a1c01bbd47fc00a2c39e90264f33305004495a9","hash":"f58d866334f038a838a28f20896bc2ff85a9f722"}
,"C:\\Users\\Gowsalya\\Documents\\node\\TASK2\\phase2task\\routes\\validators\\taxCategories.validator.js": {"path":"C:\\Users\\Gowsalya\\Documents\\node\\TASK2\\phase2task\\routes\\validators\\taxCategories.validator.js","statementMap":{"0":{"start":{"line":1,"column":38},"end":{"line":1,"column":66}},"1":{"start":{"line":3,"column":29},"end":{"line":10,"column":1}},"2":{"start":{"line":11,"column":0},"end":{"line":11,"column":59}}},"fnMap":{},"branchMap":{},"s":{"0":1,"1":1,"2":1},"f":{},"b":{},"_coverageSchema":"1a1c01bbd47fc00a2c39e90264f33305004495a9","hash":"712d42d6cc88e9a55e89dc2490fc97c12e8fc39d"}
,"C:\\Users\\Gowsalya\\Documents\\node\\TASK2\\phase2task\\services\\taxCategories.service.js": {"path":"C:\\Users\\Gowsalya\\Documents\\node\\TASK2\\phase2task\\services\\taxCategories.service.js","statementMap":{"0":{"start":{"line":1,"column":29},"end":{"line":1,"column":59}},"1":{"start":{"line":2,"column":22},"end":{"line":2,"column":56}},"2":{"start":{"line":3,"column":24},"end":{"line":3,"column":59}},"3":{"start":{"line":16,"column":20},"end":{"line":34,"column":1}},"4":{"start":{"line":18,"column":4},"end":{"line":20,"column":5}},"5":{"start":{"line":19,"column":8},"end":{"line":19,"column":26}},"6":{"start":{"line":21,"column":4},"end":{"line":23,"column":5}},"7":{"start":{"line":22,"column":8},"end":{"line":22,"column":27}},"8":{"start":{"line":24,"column":22},"end":{"line":31,"column":7}},"9":{"start":{"line":32,"column":4},"end":{"line":32,"column":36}},"10":{"start":{"line":32,"column":13},"end":{"line":32,"column":36}},"11":{"start":{"line":33,"column":4},"end":{"line":33,"column":25}},"12":{"start":{"line":33,"column":14},"end":{"line":33,"column":25}},"13":{"start":{"line":35,"column":0},"end":{"line":35,"column":40}},"14":{"start":{"line":48,"column":25},"end":{"line":52,"column":1}},"15":{"start":{"line":49,"column":30},"end":{"line":49,"column":63}},"16":{"start":{"line":50,"column":4},"end":{"line":50,"column":50}},"17":{"start":{"line":50,"column":15},"end":{"line":50,"column":50}},"18":{"start":{"line":51,"column":4},"end":{"line":51,"column":22}},"19":{"start":{"line":53,"column":0},"end":{"line":53,"column":51}},"20":{"start":{"line":67,"column":21},"end":{"line":76,"column":1}},"21":{"start":{"line":68,"column":28},"end":{"line":68,"column":72}},"22":{"start":{"line":69,"column":4},"end":{"line":69,"column":40}},"23":{"start":{"line":69,"column":15},"end":{"line":69,"column":40}},"24":{"start":{"line":70,"column":4},"end":{"line":70,"column":51}},"25":{"start":{"line":70,"column":19},"end":{"line":70,"column":51}},"26":{"start":{"line":71,"column":4},"end":{"line":73,"column":5}},"27":{"start":{"line":72,"column":8},"end":{"line":72,"column":42}},"28":{"start":{"line":74,"column":4},"end":{"line":74,"column":26}},"29":{"start":{"line":75,"column":4},"end":{"line":75,"column":20}},"30":{"start":{"line":77,"column":0},"end":{"line":77,"column":43}},"31":{"start":{"line":91,"column":31},"end":{"line":99,"column":1}},"32":{"start":{"line":92,"column":4},"end":{"line":98,"column":5}},"33":{"start":{"line":93,"column":37},"end":{"line":95,"column":10}},"34":{"start":{"line":96,"column":8},"end":{"line":96,"column":40}},"35":{"start":{"line":96,"column":17},"end":{"line":96,"column":40}},"36":{"start":{"line":97,"column":8},"end":{"line":97,"column":31}},"37":{"start":{"line":100,"column":0},"end":{"line":100,"column":63}}},"fnMap":{"0":{"name":"(anonymous_0)","decl":{"start":{"line":16,"column":20},"end":{"line":16,"column":21}},"loc":{"start":{"line":16,"column":45},"end":{"line":34,"column":1}},"line":16},"1":{"name":"(anonymous_1)","decl":{"start":{"line":48,"column":25},"end":{"line":48,"column":26}},"loc":{"start":{"line":48,"column":43},"end":{"line":52,"column":1}},"line":48},"2":{"name":"(anonymous_2)","decl":{"start":{"line":67,"column":21},"end":{"line":67,"column":22}},"loc":{"start":{"line":67,"column":63},"end":{"line":76,"column":1}},"line":67},"3":{"name":"(anonymous_3)","decl":{"start":{"line":91,"column":31},"end":{"line":91,"column":32}},"loc":{"start":{"line":91,"column":51},"end":{"line":99,"column":1}},"line":91}},"branchMap":{"0":{"loc":{"start":{"line":18,"column":4},"end":{"line":20,"column":5}},"type":"if","locations":[{"start":{"line":18,"column":4},"end":{"line":20,"column":5}},{"start":{},"end":{}}],"line":18},"1":{"loc":{"start":{"line":21,"column":4},"end":{"line":23,"column":5}},"type":"if","locations":[{"start":{"line":21,"column":4},"end":{"line":23,"column":5}},{"start":{},"end":{}}],"line":21},"2":{"loc":{"start":{"line":32,"column":4},"end":{"line":32,"column":36}},"type":"if","locations":[{"start":{"line":32,"column":4},"end":{"line":32,"column":36}},{"start":{},"end":{}}],"line":32},"3":{"loc":{"start":{"line":33,"column":4},"end":{"line":33,"column":25}},"type":"if","locations":[{"start":{"line":33,"column":4},"end":{"line":33,"column":25}},{"start":{},"end":{}}],"line":33},"4":{"loc":{"start":{"line":50,"column":4},"end":{"line":50,"column":50}},"type":"if","locations":[{"start":{"line":50,"column":4},"end":{"line":50,"column":50}},{"start":{},"end":{}}],"line":50},"5":{"loc":{"start":{"line":69,"column":4},"end":{"line":69,"column":40}},"type":"if","locations":[{"start":{"line":69,"column":4},"end":{"line":69,"column":40}},{"start":{},"end":{}}],"line":69},"6":{"loc":{"start":{"line":70,"column":4},"end":{"line":70,"column":51}},"type":"if","locations":[{"start":{"line":70,"column":4},"end":{"line":70,"column":51}},{"start":{},"end":{}}],"line":70},"7":{"loc":{"start":{"line":71,"column":4},"end":{"line":73,"column":5}},"type":"if","locations":[{"start":{"line":71,"column":4},"end":{"line":73,"column":5}},{"start":{},"end":{}}],"line":71},"8":{"loc":{"start":{"line":92,"column":4},"end":{"line":98,"column":5}},"type":"if","locations":[{"start":{"line":92,"column":4},"end":{"line":98,"column":5}},{"start":{},"end":{}}],"line":92},"9":{"loc":{"start":{"line":96,"column":8},"end":{"line":96,"column":40}},"type":"if","locations":[{"start":{"line":96,"column":8},"end":{"line":96,"column":40}},{"start":{},"end":{}}],"line":96}},"s":{"0":1,"1":1,"2":1,"3":1,"4":0,"5":0,"6":0,"7":0,"8":0,"9":0,"10":0,"11":0,"12":0,"13":1,"14":1,"15":2,"16":2,"17":0,"18":2,"19":1,"20":1,"21":0,"22":0,"23":0,"24":0,"25":0,"26":0,"27":0,"28":0,"29":0,"30":1,"31":1,"32":0,"33":0,"34":0,"35":0,"36":0,"37":1},"f":{"0":0,"1":2,"2":0,"3":0},"b":{"0":[0,0],"1":[0,0],"2":[0,0],"3":[0,0],"4":[0,2],"5":[0,0],"6":[0,0],"7":[0,0],"8":[0,0],"9":[0,0]},"_coverageSchema":"1a1c01bbd47fc00a2c39e90264f33305004495a9","hash":"a232074af74fe48935bcce7495c3b329a3038b35"}
}
