TN:
SF:global_functions.js
FN:3,(anonymous_0)
FN:12,(anonymous_1)
FN:23,(anonymous_2)
FN:25,(anonymous_3)
FN:27,(anonymous_4)
FN:32,(anonymous_5)
FN:41,(anonymous_6)
FNF:7
FNH:3
FNDA:0,(anonymous_0)
FNDA:2,(anonymous_1)
FNDA:4,(anonymous_2)
FNDA:4,(anonymous_3)
FNDA:0,(anonymous_4)
FNDA:0,(anonymous_5)
FNDA:0,(anonymous_6)
DA:1,1
DA:3,1
DA:4,0
DA:5,0
DA:8,0
DA:9,0
DA:12,1
DA:13,2
DA:15,2
DA:16,2
DA:19,2
DA:20,2
DA:23,1
DA:24,4
DA:26,4
DA:28,0
DA:32,1
DA:33,0
DA:34,0
DA:37,0
DA:41,1
DA:42,0
DA:45,1
LF:23
LH:14
BRDA:4,0,0,0
BRDA:4,0,1,0
BRDA:4,1,0,0
BRDA:4,1,1,0
BRDA:8,2,0,0
BRDA:8,2,1,0
BRDA:15,3,0,2
BRDA:15,3,1,0
BRDA:19,4,0,2
BRDA:19,4,1,0
BRDA:33,5,0,0
BRDA:33,5,1,0
BRF:12
BRH:2
end_of_record
TN:
SF:config\config.js
FNF:0
FNH:0
DA:1,1
DA:3,1
DA:5,1
DA:6,1
DA:7,1
DA:8,1
DA:9,1
DA:10,1
DA:12,1
LF:9
LH:9
BRF:0
BRH:0
end_of_record
TN:
SF:config\constants.js
FNF:0
FNH:0
DA:1,1
DA:3,1
DA:5,1
LF:3
LH:3
BRF:0
BRH:0
end_of_record
TN:
SF:controllers\taxCategories.controller.js
FN:34,(anonymous_0)
FN:49,(anonymous_1)
FN:66,(anonymous_2)
FNF:3
FNH:1
FNDA:2,(anonymous_0)
FNDA:0,(anonymous_1)
FNDA:0,(anonymous_2)
DA:1,1
DA:2,1
DA:3,1
DA:4,1
DA:5,1
DA:34,1
DA:35,2
DA:36,2
DA:37,2
DA:39,1
DA:49,1
DA:50,0
DA:51,0
DA:52,0
DA:53,0
DA:54,0
DA:66,1
DA:67,0
DA:68,0
DA:69,0
DA:70,0
DA:75,1
DA:76,1
DA:77,1
DA:79,1
LF:25
LH:16
BRDA:36,0,0,0
BRDA:36,0,1,2
BRDA:37,1,0,2
BRDA:37,1,1,0
BRDA:50,2,0,0
BRDA:50,2,1,0
BRDA:50,3,0,0
BRDA:50,3,1,0
BRDA:50,4,0,0
BRDA:50,4,1,0
BRDA:51,5,0,0
BRDA:51,5,1,0
BRDA:51,6,0,0
BRDA:51,6,1,0
BRDA:51,7,0,0
BRDA:51,7,1,0
BRDA:53,8,0,0
BRDA:53,8,1,0
BRDA:54,9,0,0
BRDA:54,9,1,0
BRDA:67,10,0,0
BRDA:67,10,1,0
BRDA:67,11,0,0
BRDA:67,11,1,0
BRDA:67,12,0,0
BRDA:67,12,1,0
BRDA:69,13,0,0
BRDA:69,13,1,0
BRDA:70,14,0,0
BRDA:70,14,1,0
BRF:30
BRH:2
end_of_record
TN:
SF:middleware\validate-schema.js
FN:3,(anonymous_0)
FNF:1
FNH:0
FNDA:0,(anonymous_0)
DA:1,1
DA:3,1
DA:4,0
DA:5,0
DA:6,0
DA:14,0
DA:16,1
LF:7
LH:3
BRDA:5,0,0,0
BRDA:5,0,1,0
BRF:2
BRH:0
end_of_record
TN:
SF:models\index.js
FN:13,(anonymous_0)
FN:15,(anonymous_1)
FN:22,(anonymous_2)
FN:24,(anonymous_3)
FN:25,(anonymous_4)
FN:26,(anonymous_5)
FN:27,(anonymous_6)
FN:28,(anonymous_7)
FN:29,(anonymous_8)
FN:30,(anonymous_9)
FN:31,(anonymous_10)
FN:32,(anonymous_11)
FN:37,(anonymous_12)
FN:37,(anonymous_13)
FN:37,(anonymous_14)
FN:37,(anonymous_15)
FN:58,(anonymous_16)
FN:61,(anonymous_17)
FN:62,(anonymous_18)
FN:64,(anonymous_19)
FN:68,(anonymous_20)
FN:75,(anonymous_21)
FN:77,(anonymous_22)
FN:84,(anonymous_23)
FN:92,(anonymous_24)
FNF:25
FNH:7
FNDA:0,(anonymous_0)
FNDA:0,(anonymous_1)
FNDA:0,(anonymous_2)
FNDA:0,(anonymous_3)
FNDA:0,(anonymous_4)
FNDA:0,(anonymous_5)
FNDA:0,(anonymous_6)
FNDA:0,(anonymous_7)
FNDA:0,(anonymous_8)
FNDA:0,(anonymous_9)
FNDA:0,(anonymous_10)
FNDA:0,(anonymous_11)
FNDA:0,(anonymous_12)
FNDA:0,(anonymous_13)
FNDA:0,(anonymous_14)
FNDA:0,(anonymous_15)
FNDA:1,(anonymous_16)
FNDA:1,(anonymous_17)
FNDA:1,(anonymous_18)
FNDA:0,(anonymous_19)
FNDA:0,(anonymous_20)
FNDA:1,(anonymous_21)
FNDA:3,(anonymous_22)
FNDA:3,(anonymous_23)
FNDA:3,(anonymous_24)
DA:4,1
DA:5,1
DA:6,1
DA:7,1
DA:8,1
DA:9,1
DA:11,1
DA:12,1
DA:13,0
DA:14,0
DA:16,0
DA:23,0
DA:36,0
DA:37,0
DA:43,1
DA:58,1
DA:59,1
DA:60,1
DA:62,1
DA:63,1
DA:64,0
DA:69,0
DA:72,1
DA:75,1
DA:76,1
DA:78,3
DA:85,3
DA:89,3
DA:92,1
DA:93,3
DA:94,2
DA:97,1
DA:98,1
DA:99,1
DA:101,1
LF:35
LH:27
BRDA:12,0,0,0
BRDA:12,0,1,1
BRDA:12,1,0,1
BRDA:12,1,1,0
BRDA:17,2,0,0
BRDA:17,2,1,0
BRDA:17,2,2,0
BRDA:37,3,0,0
BRDA:37,3,1,0
BRDA:37,4,0,0
BRDA:37,4,1,0
BRDA:63,5,0,0
BRDA:63,5,1,1
BRDA:79,6,0,3
BRDA:79,6,1,3
BRDA:79,6,2,3
BRDA:93,7,0,2
BRDA:93,7,1,1
BRF:18
BRH:8
end_of_record
TN:
SF:models\taxes\property.js
FN:1,(anonymous_0)
FNF:1
FNH:1
FNDA:1,(anonymous_0)
DA:1,1
DA:2,1
DA:23,1
LF:3
LH:3
BRF:0
BRH:0
end_of_record
TN:
SF:models\taxes\taxCategories.js
FN:1,(anonymous_0)
FN:48,(anonymous_1)
FNF:2
FNH:2
FNDA:1,(anonymous_0)
FNDA:1,(anonymous_1)
DA:1,1
DA:2,1
DA:48,1
DA:49,1
DA:51,1
LF:5
LH:5
BRF:0
BRH:0
end_of_record
TN:
SF:models\taxes\taxZonesMapping.js
FN:1,(anonymous_0)
FN:44,(anonymous_1)
FNF:2
FNH:2
FNDA:1,(anonymous_0)
FNDA:1,(anonymous_1)
DA:1,1
DA:2,1
DA:44,1
DA:45,1
DA:47,1
LF:5
LH:5
BRF:0
BRH:0
end_of_record
TN:
SF:routes\validators\taxCategories.validator.js
FNF:0
FNH:0
DA:1,1
DA:3,1
DA:11,1
LF:3
LH:3
BRF:0
BRH:0
end_of_record
TN:
SF:services\taxCategories.service.js
FN:16,(anonymous_0)
FN:48,(anonymous_1)
FN:67,(anonymous_2)
FN:91,(anonymous_3)
FNF:4
FNH:1
FNDA:0,(anonymous_0)
FNDA:2,(anonymous_1)
FNDA:0,(anonymous_2)
FNDA:0,(anonymous_3)
DA:1,1
DA:2,1
DA:3,1
DA:16,1
DA:18,0
DA:19,0
DA:21,0
DA:22,0
DA:24,0
DA:32,0
DA:33,0
DA:35,1
DA:48,1
DA:49,2
DA:50,2
DA:51,2
DA:53,1
DA:67,1
DA:68,0
DA:69,0
DA:70,0
DA:71,0
DA:72,0
DA:74,0
DA:75,0
DA:77,1
DA:91,1
DA:92,0
DA:93,0
DA:96,0
DA:97,0
DA:100,1
LF:32
LH:14
BRDA:18,0,0,0
BRDA:18,0,1,0
BRDA:21,1,0,0
BRDA:21,1,1,0
BRDA:32,2,0,0
BRDA:32,2,1,0
BRDA:33,3,0,0
BRDA:33,3,1,0
BRDA:50,4,0,0
BRDA:50,4,1,2
BRDA:69,5,0,0
BRDA:69,5,1,0
BRDA:70,6,0,0
BRDA:70,6,1,0
BRDA:71,7,0,0
BRDA:71,7,1,0
BRDA:92,8,0,0
BRDA:92,8,1,0
BRDA:96,9,0,0
BRDA:96,9,1,0
BRF:20
BRH:1
end_of_record
